2019-04-11T03:26:15+00:00 CRITICAL Uncaught TypeError: DateTime::__construct() expects parameter 1 to be string, object given in C:\xampp\htdocs\travel\wp-content\themes\travel\template-parts\single\sua-giao-dich.php:388
Stack trace:
#0 C:\xampp\htdocs\travel\wp-content\themes\travel\template-parts\single\sua-giao-dich.php(388): DateTime->__construct(Object(DateTime))
#1 C:\xampp\htdocs\travel\wp-includes\template.php(706): require('C:\\xampp\\htdocs...')
#2 C:\xampp\htdocs\travel\wp-includes\template.php(653): load_template('C:\\xampp\\htdocs...', false)
#3 C:\xampp\htdocs\travel\wp-includes\general-template.php(157): locate_template(Array, true, false)
#4 C:\xampp\htdocs\travel\wp-content\themes\travel\single.php(7): get_template_part('template-parts/...')
#5 C:\xampp\htdocs\travel\wp-includes\template-loader.php(77): include('C:\\xampp\\htdocs...')
#6 C:\xampp\htdocs\travel\wp-blog-header.php(19): require_once('C:\\xampp\\htdocs...')
#7 C:\xampp\htdocs\travel\index.php(17): require('C:\\xampp\\htdocs...')
#8 {main}
  thrown in C:\xampp\htdocs\travel\wp-content\themes\travel\template-parts\single\sua-giao-dich.php on line 388

2019-04-11T03:26:19+00:00 CRITICAL Uncaught TypeError: DateTime::__construct() expects parameter 1 to be string, object given in C:\xampp\htdocs\travel\wp-content\themes\travel\template-parts\single\sua-giao-dich.php:388
Stack trace:
#0 C:\xampp\htdocs\travel\wp-content\themes\travel\template-parts\single\sua-giao-dich.php(388): DateTime->__construct(Object(DateTime))
#1 C:\xampp\htdocs\travel\wp-includes\template.php(706): require('C:\\xampp\\htdocs...')
#2 C:\xampp\htdocs\travel\wp-includes\template.php(653): load_template('C:\\xampp\\htdocs...', false)
#3 C:\xampp\htdocs\travel\wp-includes\general-template.php(157): locate_template(Array, true, false)
#4 C:\xampp\htdocs\travel\wp-content\themes\travel\single.php(7): get_template_part('template-parts/...')
#5 C:\xampp\htdocs\travel\wp-includes\template-loader.php(77): include('C:\\xampp\\htdocs...')
#6 C:\xampp\htdocs\travel\wp-blog-header.php(19): require_once('C:\\xampp\\htdocs...')
#7 C:\xampp\htdocs\travel\index.php(17): require('C:\\xampp\\htdocs...')
#8 {main}
  thrown in C:\xampp\htdocs\travel\wp-content\themes\travel\template-parts\single\sua-giao-dich.php on line 388

2019-04-11T03:26:56+00:00 CRITICAL Uncaught TypeError: DateTime::__construct() expects parameter 1 to be string, object given in C:\xampp\htdocs\travel\wp-content\themes\travel\template-parts\single\sua-giao-dich.php:388
Stack trace:
#0 C:\xampp\htdocs\travel\wp-content\themes\travel\template-parts\single\sua-giao-dich.php(388): DateTime->__construct(Object(DateTime))
#1 C:\xampp\htdocs\travel\wp-includes\template.php(706): require('C:\\xampp\\htdocs...')
#2 C:\xampp\htdocs\travel\wp-includes\template.php(653): load_template('C:\\xampp\\htdocs...', false)
#3 C:\xampp\htdocs\travel\wp-includes\general-template.php(157): locate_template(Array, true, false)
#4 C:\xampp\htdocs\travel\wp-content\themes\travel\single.php(7): get_template_part('template-parts/...')
#5 C:\xampp\htdocs\travel\wp-includes\template-loader.php(77): include('C:\\xampp\\htdocs...')
#6 C:\xampp\htdocs\travel\wp-blog-header.php(19): require_once('C:\\xampp\\htdocs...')
#7 C:\xampp\htdocs\travel\index.php(17): require('C:\\xampp\\htdocs...')
#8 {main}
  thrown in C:\xampp\htdocs\travel\wp-content\themes\travel\template-parts\single\sua-giao-dich.php on line 388

2019-04-11T03:27:22+00:00 CRITICAL Uncaught TypeError: DateTime::__construct() expects parameter 1 to be string, object given in C:\xampp\htdocs\travel\wp-content\themes\travel\template-parts\single\sua-giao-dich.php:388
Stack trace:
#0 C:\xampp\htdocs\travel\wp-content\themes\travel\template-parts\single\sua-giao-dich.php(388): DateTime->__construct(Object(DateTime))
#1 C:\xampp\htdocs\travel\wp-includes\template.php(706): require('C:\\xampp\\htdocs...')
#2 C:\xampp\htdocs\travel\wp-includes\template.php(653): load_template('C:\\xampp\\htdocs...', false)
#3 C:\xampp\htdocs\travel\wp-includes\general-template.php(157): locate_template(Array, true, false)
#4 C:\xampp\htdocs\travel\wp-content\themes\travel\single.php(7): get_template_part('template-parts/...')
#5 C:\xampp\htdocs\travel\wp-includes\template-loader.php(77): include('C:\\xampp\\htdocs...')
#6 C:\xampp\htdocs\travel\wp-blog-header.php(19): require_once('C:\\xampp\\htdocs...')
#7 C:\xampp\htdocs\travel\index.php(17): require('C:\\xampp\\htdocs...')
#8 {main}
  thrown in C:\xampp\htdocs\travel\wp-content\themes\travel\template-parts\single\sua-giao-dich.php on line 388

2019-04-11T03:27:25+00:00 CRITICAL Uncaught TypeError: DateTime::__construct() expects parameter 1 to be string, object given in C:\xampp\htdocs\travel\wp-content\themes\travel\template-parts\single\sua-giao-dich.php:388
Stack trace:
#0 C:\xampp\htdocs\travel\wp-content\themes\travel\template-parts\single\sua-giao-dich.php(388): DateTime->__construct(Object(DateTime))
#1 C:\xampp\htdocs\travel\wp-includes\template.php(706): require('C:\\xampp\\htdocs...')
#2 C:\xampp\htdocs\travel\wp-includes\template.php(653): load_template('C:\\xampp\\htdocs...', false)
#3 C:\xampp\htdocs\travel\wp-includes\general-template.php(157): locate_template(Array, true, false)
#4 C:\xampp\htdocs\travel\wp-content\themes\travel\single.php(7): get_template_part('template-parts/...')
#5 C:\xampp\htdocs\travel\wp-includes\template-loader.php(77): include('C:\\xampp\\htdocs...')
#6 C:\xampp\htdocs\travel\wp-blog-header.php(19): require_once('C:\\xampp\\htdocs...')
#7 C:\xampp\htdocs\travel\index.php(17): require('C:\\xampp\\htdocs...')
#8 {main}
  thrown in C:\xampp\htdocs\travel\wp-content\themes\travel\template-parts\single\sua-giao-dich.php on line 388

2019-04-11T03:27:29+00:00 CRITICAL Uncaught TypeError: DateTime::__construct() expects parameter 1 to be string, object given in C:\xampp\htdocs\travel\wp-content\themes\travel\template-parts\single\sua-giao-dich.php:388
Stack trace:
#0 C:\xampp\htdocs\travel\wp-content\themes\travel\template-parts\single\sua-giao-dich.php(388): DateTime->__construct(Object(DateTime))
#1 C:\xampp\htdocs\travel\wp-includes\template.php(706): require('C:\\xampp\\htdocs...')
#2 C:\xampp\htdocs\travel\wp-includes\template.php(653): load_template('C:\\xampp\\htdocs...', false)
#3 C:\xampp\htdocs\travel\wp-includes\general-template.php(157): locate_template(Array, true, false)
#4 C:\xampp\htdocs\travel\wp-content\themes\travel\single.php(7): get_template_part('template-parts/...')
#5 C:\xampp\htdocs\travel\wp-includes\template-loader.php(77): include('C:\\xampp\\htdocs...')
#6 C:\xampp\htdocs\travel\wp-blog-header.php(19): require_once('C:\\xampp\\htdocs...')
#7 C:\xampp\htdocs\travel\index.php(17): require('C:\\xampp\\htdocs...')
#8 {main}
  thrown in C:\xampp\htdocs\travel\wp-content\themes\travel\template-parts\single\sua-giao-dich.php on line 388

2019-04-11T03:28:00+00:00 CRITICAL Uncaught TypeError: DateTime::__construct() expects parameter 1 to be string, object given in C:\xampp\htdocs\travel\wp-content\themes\travel\template-parts\single\sua-giao-dich.php:388
Stack trace:
#0 C:\xampp\htdocs\travel\wp-content\themes\travel\template-parts\single\sua-giao-dich.php(388): DateTime->__construct(Object(DateTime))
#1 C:\xampp\htdocs\travel\wp-includes\template.php(706): require('C:\\xampp\\htdocs...')
#2 C:\xampp\htdocs\travel\wp-includes\template.php(653): load_template('C:\\xampp\\htdocs...', false)
#3 C:\xampp\htdocs\travel\wp-includes\general-template.php(157): locate_template(Array, true, false)
#4 C:\xampp\htdocs\travel\wp-content\themes\travel\single.php(7): get_template_part('template-parts/...')
#5 C:\xampp\htdocs\travel\wp-includes\template-loader.php(77): include('C:\\xampp\\htdocs...')
#6 C:\xampp\htdocs\travel\wp-blog-header.php(19): require_once('C:\\xampp\\htdocs...')
#7 C:\xampp\htdocs\travel\index.php(17): require('C:\\xampp\\htdocs...')
#8 {main}
  thrown in C:\xampp\htdocs\travel\wp-content\themes\travel\template-parts\single\sua-giao-dich.php on line 388

2019-04-11T03:28:13+00:00 CRITICAL Uncaught TypeError: DateTime::__construct() expects parameter 1 to be string, object given in C:\xampp\htdocs\travel\wp-content\themes\travel\template-parts\single\sua-giao-dich.php:388
Stack trace:
#0 C:\xampp\htdocs\travel\wp-content\themes\travel\template-parts\single\sua-giao-dich.php(388): DateTime->__construct(Object(DateTime))
#1 C:\xampp\htdocs\travel\wp-includes\template.php(706): require('C:\\xampp\\htdocs...')
#2 C:\xampp\htdocs\travel\wp-includes\template.php(653): load_template('C:\\xampp\\htdocs...', false)
#3 C:\xampp\htdocs\travel\wp-includes\general-template.php(157): locate_template(Array, true, false)
#4 C:\xampp\htdocs\travel\wp-content\themes\travel\single.php(7): get_template_part('template-parts/...')
#5 C:\xampp\htdocs\travel\wp-includes\template-loader.php(77): include('C:\\xampp\\htdocs...')
#6 C:\xampp\htdocs\travel\wp-blog-header.php(19): require_once('C:\\xampp\\htdocs...')
#7 C:\xampp\htdocs\travel\index.php(17): require('C:\\xampp\\htdocs...')
#8 {main}
  thrown in C:\xampp\htdocs\travel\wp-content\themes\travel\template-parts\single\sua-giao-dich.php on line 388

2019-04-11T03:28:26+00:00 CRITICAL Uncaught TypeError: DateTime::__construct() expects parameter 1 to be string, object given in C:\xampp\htdocs\travel\wp-content\themes\travel\template-parts\single\sua-giao-dich.php:380
Stack trace:
#0 C:\xampp\htdocs\travel\wp-content\themes\travel\template-parts\single\sua-giao-dich.php(380): DateTime->__construct(Object(DateTime))
#1 C:\xampp\htdocs\travel\wp-includes\template.php(706): require('C:\\xampp\\htdocs...')
#2 C:\xampp\htdocs\travel\wp-includes\template.php(653): load_template('C:\\xampp\\htdocs...', false)
#3 C:\xampp\htdocs\travel\wp-includes\general-template.php(157): locate_template(Array, true, false)
#4 C:\xampp\htdocs\travel\wp-content\themes\travel\single.php(7): get_template_part('template-parts/...')
#5 C:\xampp\htdocs\travel\wp-includes\template-loader.php(77): include('C:\\xampp\\htdocs...')
#6 C:\xampp\htdocs\travel\wp-blog-header.php(19): require_once('C:\\xampp\\htdocs...')
#7 C:\xampp\htdocs\travel\index.php(17): require('C:\\xampp\\htdocs...')
#8 {main}
  thrown in C:\xampp\htdocs\travel\wp-content\themes\travel\template-parts\single\sua-giao-dich.php on line 380

2019-04-11T03:28:47+00:00 CRITICAL Uncaught TypeError: DateTime::__construct() expects parameter 1 to be string, object given in C:\xampp\htdocs\travel\wp-content\themes\travel\template-parts\single\sua-giao-dich.php:364
Stack trace:
#0 C:\xampp\htdocs\travel\wp-content\themes\travel\template-parts\single\sua-giao-dich.php(364): DateTime->__construct(Object(DateTime))
#1 C:\xampp\htdocs\travel\wp-includes\template.php(706): require('C:\\xampp\\htdocs...')
#2 C:\xampp\htdocs\travel\wp-includes\template.php(653): load_template('C:\\xampp\\htdocs...', false)
#3 C:\xampp\htdocs\travel\wp-includes\general-template.php(157): locate_template(Array, true, false)
#4 C:\xampp\htdocs\travel\wp-content\themes\travel\single.php(7): get_template_part('template-parts/...')
#5 C:\xampp\htdocs\travel\wp-includes\template-loader.php(77): include('C:\\xampp\\htdocs...')
#6 C:\xampp\htdocs\travel\wp-blog-header.php(19): require_once('C:\\xampp\\htdocs...')
#7 C:\xampp\htdocs\travel\index.php(17): require('C:\\xampp\\htdocs...')
#8 {main}
  thrown in C:\xampp\htdocs\travel\wp-content\themes\travel\template-parts\single\sua-giao-dich.php on line 364

2019-04-11T03:29:04+00:00 CRITICAL Uncaught TypeError: DateTime::__construct() expects parameter 1 to be string, object given in C:\xampp\htdocs\travel\wp-content\themes\travel\template-parts\single\sua-giao-dich.php:360
Stack trace:
#0 C:\xampp\htdocs\travel\wp-content\themes\travel\template-parts\single\sua-giao-dich.php(360): DateTime->__construct(Object(DateTime))
#1 C:\xampp\htdocs\travel\wp-includes\template.php(706): require('C:\\xampp\\htdocs...')
#2 C:\xampp\htdocs\travel\wp-includes\template.php(653): load_template('C:\\xampp\\htdocs...', false)
#3 C:\xampp\htdocs\travel\wp-includes\general-template.php(157): locate_template(Array, true, false)
#4 C:\xampp\htdocs\travel\wp-content\themes\travel\single.php(7): get_template_part('template-parts/...')
#5 C:\xampp\htdocs\travel\wp-includes\template-loader.php(77): include('C:\\xampp\\htdocs...')
#6 C:\xampp\htdocs\travel\wp-blog-header.php(19): require_once('C:\\xampp\\htdocs...')
#7 C:\xampp\htdocs\travel\index.php(17): require('C:\\xampp\\htdocs...')
#8 {main}
  thrown in C:\xampp\htdocs\travel\wp-content\themes\travel\template-parts\single\sua-giao-dich.php on line 360

2019-04-11T03:29:26+00:00 CRITICAL Uncaught TypeError: DateTime::__construct() expects parameter 1 to be string, object given in C:\xampp\htdocs\travel\wp-content\themes\travel\template-parts\single\sua-giao-dich.php:360
Stack trace:
#0 C:\xampp\htdocs\travel\wp-content\themes\travel\template-parts\single\sua-giao-dich.php(360): DateTime->__construct(Object(DateTime))
#1 C:\xampp\htdocs\travel\wp-includes\template.php(706): require('C:\\xampp\\htdocs...')
#2 C:\xampp\htdocs\travel\wp-includes\template.php(653): load_template('C:\\xampp\\htdocs...', false)
#3 C:\xampp\htdocs\travel\wp-includes\general-template.php(157): locate_template(Array, true, false)
#4 C:\xampp\htdocs\travel\wp-content\themes\travel\single.php(7): get_template_part('template-parts/...')
#5 C:\xampp\htdocs\travel\wp-includes\template-loader.php(77): include('C:\\xampp\\htdocs...')
#6 C:\xampp\htdocs\travel\wp-blog-header.php(19): require_once('C:\\xampp\\htdocs...')
#7 C:\xampp\htdocs\travel\index.php(17): require('C:\\xampp\\htdocs...')
#8 {main}
  thrown in C:\xampp\htdocs\travel\wp-content\themes\travel\template-parts\single\sua-giao-dich.php on line 360

2019-04-11T03:29:30+00:00 CRITICAL Uncaught TypeError: DateTime::__construct() expects parameter 1 to be string, object given in C:\xampp\htdocs\travel\wp-content\themes\travel\template-parts\single\sua-giao-dich.php:360
Stack trace:
#0 C:\xampp\htdocs\travel\wp-content\themes\travel\template-parts\single\sua-giao-dich.php(360): DateTime->__construct(Object(DateTime))
#1 C:\xampp\htdocs\travel\wp-includes\template.php(706): require('C:\\xampp\\htdocs...')
#2 C:\xampp\htdocs\travel\wp-includes\template.php(653): load_template('C:\\xampp\\htdocs...', false)
#3 C:\xampp\htdocs\travel\wp-includes\general-template.php(157): locate_template(Array, true, false)
#4 C:\xampp\htdocs\travel\wp-content\themes\travel\single.php(7): get_template_part('template-parts/...')
#5 C:\xampp\htdocs\travel\wp-includes\template-loader.php(77): include('C:\\xampp\\htdocs...')
#6 C:\xampp\htdocs\travel\wp-blog-header.php(19): require_once('C:\\xampp\\htdocs...')
#7 C:\xampp\htdocs\travel\index.php(17): require('C:\\xampp\\htdocs...')
#8 {main}
  thrown in C:\xampp\htdocs\travel\wp-content\themes\travel\template-parts\single\sua-giao-dich.php on line 360

2019-04-11T03:29:52+00:00 CRITICAL Uncaught TypeError: DateTime::__construct() expects parameter 1 to be string, object given in C:\xampp\htdocs\travel\wp-content\themes\travel\template-parts\single\sua-giao-dich.php:360
Stack trace:
#0 C:\xampp\htdocs\travel\wp-content\themes\travel\template-parts\single\sua-giao-dich.php(360): DateTime->__construct(Object(DateTime))
#1 C:\xampp\htdocs\travel\wp-includes\template.php(706): require('C:\\xampp\\htdocs...')
#2 C:\xampp\htdocs\travel\wp-includes\template.php(653): load_template('C:\\xampp\\htdocs...', false)
#3 C:\xampp\htdocs\travel\wp-includes\general-template.php(157): locate_template(Array, true, false)
#4 C:\xampp\htdocs\travel\wp-content\themes\travel\single.php(7): get_template_part('template-parts/...')
#5 C:\xampp\htdocs\travel\wp-includes\template-loader.php(77): include('C:\\xampp\\htdocs...')
#6 C:\xampp\htdocs\travel\wp-blog-header.php(19): require_once('C:\\xampp\\htdocs...')
#7 C:\xampp\htdocs\travel\index.php(17): require('C:\\xampp\\htdocs...')
#8 {main}
  thrown in C:\xampp\htdocs\travel\wp-content\themes\travel\template-parts\single\sua-giao-dich.php on line 360

2019-04-11T03:31:36+00:00 CRITICAL Uncaught TypeError: DateTime::__construct() expects parameter 1 to be string, object given in C:\xampp\htdocs\travel\wp-content\themes\travel\template-parts\single\sua-giao-dich.php:360
Stack trace:
#0 C:\xampp\htdocs\travel\wp-content\themes\travel\template-parts\single\sua-giao-dich.php(360): DateTime->__construct(Object(DateTime))
#1 C:\xampp\htdocs\travel\wp-includes\template.php(706): require('C:\\xampp\\htdocs...')
#2 C:\xampp\htdocs\travel\wp-includes\template.php(653): load_template('C:\\xampp\\htdocs...', false)
#3 C:\xampp\htdocs\travel\wp-includes\general-template.php(157): locate_template(Array, true, false)
#4 C:\xampp\htdocs\travel\wp-content\themes\travel\single.php(7): get_template_part('template-parts/...')
#5 C:\xampp\htdocs\travel\wp-includes\template-loader.php(77): include('C:\\xampp\\htdocs...')
#6 C:\xampp\htdocs\travel\wp-blog-header.php(19): require_once('C:\\xampp\\htdocs...')
#7 C:\xampp\htdocs\travel\index.php(17): require('C:\\xampp\\htdocs...')
#8 {main}
  thrown in C:\xampp\htdocs\travel\wp-content\themes\travel\template-parts\single\sua-giao-dich.php on line 360

2019-04-11T03:31:38+00:00 CRITICAL Uncaught TypeError: DateTime::__construct() expects parameter 1 to be string, object given in C:\xampp\htdocs\travel\wp-content\themes\travel\template-parts\single\sua-giao-dich.php:360
Stack trace:
#0 C:\xampp\htdocs\travel\wp-content\themes\travel\template-parts\single\sua-giao-dich.php(360): DateTime->__construct(Object(DateTime))
#1 C:\xampp\htdocs\travel\wp-includes\template.php(706): require('C:\\xampp\\htdocs...')
#2 C:\xampp\htdocs\travel\wp-includes\template.php(653): load_template('C:\\xampp\\htdocs...', false)
#3 C:\xampp\htdocs\travel\wp-includes\general-template.php(157): locate_template(Array, true, false)
#4 C:\xampp\htdocs\travel\wp-content\themes\travel\single.php(7): get_template_part('template-parts/...')
#5 C:\xampp\htdocs\travel\wp-includes\template-loader.php(77): include('C:\\xampp\\htdocs...')
#6 C:\xampp\htdocs\travel\wp-blog-header.php(19): require_once('C:\\xampp\\htdocs...')
#7 C:\xampp\htdocs\travel\index.php(17): require('C:\\xampp\\htdocs...')
#8 {main}
  thrown in C:\xampp\htdocs\travel\wp-content\themes\travel\template-parts\single\sua-giao-dich.php on line 360

2019-04-11T03:32:01+00:00 CRITICAL Uncaught TypeError: DateTime::__construct() expects parameter 1 to be string, object given in C:\xampp\htdocs\travel\wp-content\themes\travel\template-parts\single\sua-giao-dich.php:360
Stack trace:
#0 C:\xampp\htdocs\travel\wp-content\themes\travel\template-parts\single\sua-giao-dich.php(360): DateTime->__construct(Object(DateTime))
#1 C:\xampp\htdocs\travel\wp-includes\template.php(706): require('C:\\xampp\\htdocs...')
#2 C:\xampp\htdocs\travel\wp-includes\template.php(653): load_template('C:\\xampp\\htdocs...', false)
#3 C:\xampp\htdocs\travel\wp-includes\general-template.php(157): locate_template(Array, true, false)
#4 C:\xampp\htdocs\travel\wp-content\themes\travel\single.php(7): get_template_part('template-parts/...')
#5 C:\xampp\htdocs\travel\wp-includes\template-loader.php(77): include('C:\\xampp\\htdocs...')
#6 C:\xampp\htdocs\travel\wp-blog-header.php(19): require_once('C:\\xampp\\htdocs...')
#7 C:\xampp\htdocs\travel\index.php(17): require('C:\\xampp\\htdocs...')
#8 {main}
  thrown in C:\xampp\htdocs\travel\wp-content\themes\travel\template-parts\single\sua-giao-dich.php on line 360

2019-04-11T03:32:37+00:00 CRITICAL Uncaught TypeError: DateTime::__construct() expects parameter 1 to be string, object given in C:\xampp\htdocs\travel\wp-content\themes\travel\template-parts\single\sua-giao-dich.php:360
Stack trace:
#0 C:\xampp\htdocs\travel\wp-content\themes\travel\template-parts\single\sua-giao-dich.php(360): DateTime->__construct(Object(DateTime))
#1 C:\xampp\htdocs\travel\wp-includes\template.php(706): require('C:\\xampp\\htdocs...')
#2 C:\xampp\htdocs\travel\wp-includes\template.php(653): load_template('C:\\xampp\\htdocs...', false)
#3 C:\xampp\htdocs\travel\wp-includes\general-template.php(157): locate_template(Array, true, false)
#4 C:\xampp\htdocs\travel\wp-content\themes\travel\single.php(7): get_template_part('template-parts/...')
#5 C:\xampp\htdocs\travel\wp-includes\template-loader.php(77): include('C:\\xampp\\htdocs...')
#6 C:\xampp\htdocs\travel\wp-blog-header.php(19): require_once('C:\\xampp\\htdocs...')
#7 C:\xampp\htdocs\travel\index.php(17): require('C:\\xampp\\htdocs...')
#8 {main}
  thrown in C:\xampp\htdocs\travel\wp-content\themes\travel\template-parts\single\sua-giao-dich.php on line 360

2019-04-11T03:32:40+00:00 CRITICAL Uncaught TypeError: DateTime::__construct() expects parameter 1 to be string, object given in C:\xampp\htdocs\travel\wp-content\themes\travel\template-parts\single\sua-giao-dich.php:360
Stack trace:
#0 C:\xampp\htdocs\travel\wp-content\themes\travel\template-parts\single\sua-giao-dich.php(360): DateTime->__construct(Object(DateTime))
#1 C:\xampp\htdocs\travel\wp-includes\template.php(706): require('C:\\xampp\\htdocs...')
#2 C:\xampp\htdocs\travel\wp-includes\template.php(653): load_template('C:\\xampp\\htdocs...', false)
#3 C:\xampp\htdocs\travel\wp-includes\general-template.php(157): locate_template(Array, true, false)
#4 C:\xampp\htdocs\travel\wp-content\themes\travel\single.php(7): get_template_part('template-parts/...')
#5 C:\xampp\htdocs\travel\wp-includes\template-loader.php(77): include('C:\\xampp\\htdocs...')
#6 C:\xampp\htdocs\travel\wp-blog-header.php(19): require_once('C:\\xampp\\htdocs...')
#7 C:\xampp\htdocs\travel\index.php(17): require('C:\\xampp\\htdocs...')
#8 {main}
  thrown in C:\xampp\htdocs\travel\wp-content\themes\travel\template-parts\single\sua-giao-dich.php on line 360

2019-04-11T03:32:43+00:00 CRITICAL Uncaught TypeError: DateTime::__construct() expects parameter 1 to be string, object given in C:\xampp\htdocs\travel\wp-content\themes\travel\template-parts\single\sua-giao-dich.php:360
Stack trace:
#0 C:\xampp\htdocs\travel\wp-content\themes\travel\template-parts\single\sua-giao-dich.php(360): DateTime->__construct(Object(DateTime))
#1 C:\xampp\htdocs\travel\wp-includes\template.php(706): require('C:\\xampp\\htdocs...')
#2 C:\xampp\htdocs\travel\wp-includes\template.php(653): load_template('C:\\xampp\\htdocs...', false)
#3 C:\xampp\htdocs\travel\wp-includes\general-template.php(157): locate_template(Array, true, false)
#4 C:\xampp\htdocs\travel\wp-content\themes\travel\single.php(7): get_template_part('template-parts/...')
#5 C:\xampp\htdocs\travel\wp-includes\template-loader.php(77): include('C:\\xampp\\htdocs...')
#6 C:\xampp\htdocs\travel\wp-blog-header.php(19): require_once('C:\\xampp\\htdocs...')
#7 C:\xampp\htdocs\travel\index.php(17): require('C:\\xampp\\htdocs...')
#8 {main}
  thrown in C:\xampp\htdocs\travel\wp-content\themes\travel\template-parts\single\sua-giao-dich.php on line 360

2019-04-11T03:32:44+00:00 CRITICAL Uncaught TypeError: DateTime::__construct() expects parameter 1 to be string, object given in C:\xampp\htdocs\travel\wp-content\themes\travel\template-parts\single\sua-giao-dich.php:360
Stack trace:
#0 C:\xampp\htdocs\travel\wp-content\themes\travel\template-parts\single\sua-giao-dich.php(360): DateTime->__construct(Object(DateTime))
#1 C:\xampp\htdocs\travel\wp-includes\template.php(706): require('C:\\xampp\\htdocs...')
#2 C:\xampp\htdocs\travel\wp-includes\template.php(653): load_template('C:\\xampp\\htdocs...', false)
#3 C:\xampp\htdocs\travel\wp-includes\general-template.php(157): locate_template(Array, true, false)
#4 C:\xampp\htdocs\travel\wp-content\themes\travel\single.php(7): get_template_part('template-parts/...')
#5 C:\xampp\htdocs\travel\wp-includes\template-loader.php(77): include('C:\\xampp\\htdocs...')
#6 C:\xampp\htdocs\travel\wp-blog-header.php(19): require_once('C:\\xampp\\htdocs...')
#7 C:\xampp\htdocs\travel\index.php(17): require('C:\\xampp\\htdocs...')
#8 {main}
  thrown in C:\xampp\htdocs\travel\wp-content\themes\travel\template-parts\single\sua-giao-dich.php on line 360

2019-04-11T03:33:32+00:00 CRITICAL Uncaught TypeError: DateTime::__construct() expects parameter 1 to be string, object given in C:\xampp\htdocs\travel\wp-content\themes\travel\template-parts\single\sua-giao-dich.php:360
Stack trace:
#0 C:\xampp\htdocs\travel\wp-content\themes\travel\template-parts\single\sua-giao-dich.php(360): DateTime->__construct(Object(DateTime))
#1 C:\xampp\htdocs\travel\wp-includes\template.php(706): require('C:\\xampp\\htdocs...')
#2 C:\xampp\htdocs\travel\wp-includes\template.php(653): load_template('C:\\xampp\\htdocs...', false)
#3 C:\xampp\htdocs\travel\wp-includes\general-template.php(157): locate_template(Array, true, false)
#4 C:\xampp\htdocs\travel\wp-content\themes\travel\single.php(7): get_template_part('template-parts/...')
#5 C:\xampp\htdocs\travel\wp-includes\template-loader.php(77): include('C:\\xampp\\htdocs...')
#6 C:\xampp\htdocs\travel\wp-blog-header.php(19): require_once('C:\\xampp\\htdocs...')
#7 C:\xampp\htdocs\travel\index.php(17): require('C:\\xampp\\htdocs...')
#8 {main}
  thrown in C:\xampp\htdocs\travel\wp-content\themes\travel\template-parts\single\sua-giao-dich.php on line 360

2019-04-11T03:34:07+00:00 CRITICAL Uncaught TypeError: DateTime::__construct() expects parameter 1 to be string, object given in C:\xampp\htdocs\travel\wp-content\themes\travel\template-parts\single\sua-giao-dich.php:360
Stack trace:
#0 C:\xampp\htdocs\travel\wp-content\themes\travel\template-parts\single\sua-giao-dich.php(360): DateTime->__construct(Object(DateTime))
#1 C:\xampp\htdocs\travel\wp-includes\template.php(706): require('C:\\xampp\\htdocs...')
#2 C:\xampp\htdocs\travel\wp-includes\template.php(653): load_template('C:\\xampp\\htdocs...', false)
#3 C:\xampp\htdocs\travel\wp-includes\general-template.php(157): locate_template(Array, true, false)
#4 C:\xampp\htdocs\travel\wp-content\themes\travel\single.php(7): get_template_part('template-parts/...')
#5 C:\xampp\htdocs\travel\wp-includes\template-loader.php(77): include('C:\\xampp\\htdocs...')
#6 C:\xampp\htdocs\travel\wp-blog-header.php(19): require_once('C:\\xampp\\htdocs...')
#7 C:\xampp\htdocs\travel\index.php(17): require('C:\\xampp\\htdocs...')
#8 {main}
  thrown in C:\xampp\htdocs\travel\wp-content\themes\travel\template-parts\single\sua-giao-dich.php on line 360

2019-04-11T03:35:08+00:00 CRITICAL Uncaught TypeError: DateTime::__construct() expects parameter 1 to be string, object given in C:\xampp\htdocs\travel\wp-content\themes\travel\template-parts\single\sua-giao-dich.php:360
Stack trace:
#0 C:\xampp\htdocs\travel\wp-content\themes\travel\template-parts\single\sua-giao-dich.php(360): DateTime->__construct(Object(DateTime))
#1 C:\xampp\htdocs\travel\wp-includes\template.php(706): require('C:\\xampp\\htdocs...')
#2 C:\xampp\htdocs\travel\wp-includes\template.php(653): load_template('C:\\xampp\\htdocs...', false)
#3 C:\xampp\htdocs\travel\wp-includes\general-template.php(157): locate_template(Array, true, false)
#4 C:\xampp\htdocs\travel\wp-content\themes\travel\single.php(7): get_template_part('template-parts/...')
#5 C:\xampp\htdocs\travel\wp-includes\template-loader.php(77): include('C:\\xampp\\htdocs...')
#6 C:\xampp\htdocs\travel\wp-blog-header.php(19): require_once('C:\\xampp\\htdocs...')
#7 C:\xampp\htdocs\travel\index.php(17): require('C:\\xampp\\htdocs...')
#8 {main}
  thrown in C:\xampp\htdocs\travel\wp-content\themes\travel\template-parts\single\sua-giao-dich.php on line 360

2019-04-11T03:35:11+00:00 CRITICAL Uncaught TypeError: DateTime::__construct() expects parameter 1 to be string, object given in C:\xampp\htdocs\travel\wp-content\themes\travel\template-parts\single\sua-giao-dich.php:360
Stack trace:
#0 C:\xampp\htdocs\travel\wp-content\themes\travel\template-parts\single\sua-giao-dich.php(360): DateTime->__construct(Object(DateTime))
#1 C:\xampp\htdocs\travel\wp-includes\template.php(706): require('C:\\xampp\\htdocs...')
#2 C:\xampp\htdocs\travel\wp-includes\template.php(653): load_template('C:\\xampp\\htdocs...', false)
#3 C:\xampp\htdocs\travel\wp-includes\general-template.php(157): locate_template(Array, true, false)
#4 C:\xampp\htdocs\travel\wp-content\themes\travel\single.php(7): get_template_part('template-parts/...')
#5 C:\xampp\htdocs\travel\wp-includes\template-loader.php(77): include('C:\\xampp\\htdocs...')
#6 C:\xampp\htdocs\travel\wp-blog-header.php(19): require_once('C:\\xampp\\htdocs...')
#7 C:\xampp\htdocs\travel\index.php(17): require('C:\\xampp\\htdocs...')
#8 {main}
  thrown in C:\xampp\htdocs\travel\wp-content\themes\travel\template-parts\single\sua-giao-dich.php on line 360

2019-04-11T03:35:12+00:00 CRITICAL Uncaught TypeError: DateTime::__construct() expects parameter 1 to be string, object given in C:\xampp\htdocs\travel\wp-content\themes\travel\template-parts\single\sua-giao-dich.php:360
Stack trace:
#0 C:\xampp\htdocs\travel\wp-content\themes\travel\template-parts\single\sua-giao-dich.php(360): DateTime->__construct(Object(DateTime))
#1 C:\xampp\htdocs\travel\wp-includes\template.php(706): require('C:\\xampp\\htdocs...')
#2 C:\xampp\htdocs\travel\wp-includes\template.php(653): load_template('C:\\xampp\\htdocs...', false)
#3 C:\xampp\htdocs\travel\wp-includes\general-template.php(157): locate_template(Array, true, false)
#4 C:\xampp\htdocs\travel\wp-content\themes\travel\single.php(7): get_template_part('template-parts/...')
#5 C:\xampp\htdocs\travel\wp-includes\template-loader.php(77): include('C:\\xampp\\htdocs...')
#6 C:\xampp\htdocs\travel\wp-blog-header.php(19): require_once('C:\\xampp\\htdocs...')
#7 C:\xampp\htdocs\travel\index.php(17): require('C:\\xampp\\htdocs...')
#8 {main}
  thrown in C:\xampp\htdocs\travel\wp-content\themes\travel\template-parts\single\sua-giao-dich.php on line 360

2019-04-11T03:35:22+00:00 CRITICAL Uncaught TypeError: DateTime::__construct() expects parameter 1 to be string, object given in C:\xampp\htdocs\travel\wp-content\themes\travel\template-parts\single\sua-giao-dich.php:360
Stack trace:
#0 C:\xampp\htdocs\travel\wp-content\themes\travel\template-parts\single\sua-giao-dich.php(360): DateTime->__construct(Object(DateTime))
#1 C:\xampp\htdocs\travel\wp-includes\template.php(706): require('C:\\xampp\\htdocs...')
#2 C:\xampp\htdocs\travel\wp-includes\template.php(653): load_template('C:\\xampp\\htdocs...', false)
#3 C:\xampp\htdocs\travel\wp-includes\general-template.php(157): locate_template(Array, true, false)
#4 C:\xampp\htdocs\travel\wp-content\themes\travel\single.php(7): get_template_part('template-parts/...')
#5 C:\xampp\htdocs\travel\wp-includes\template-loader.php(77): include('C:\\xampp\\htdocs...')
#6 C:\xampp\htdocs\travel\wp-blog-header.php(19): require_once('C:\\xampp\\htdocs...')
#7 C:\xampp\htdocs\travel\index.php(17): require('C:\\xampp\\htdocs...')
#8 {main}
  thrown in C:\xampp\htdocs\travel\wp-content\themes\travel\template-parts\single\sua-giao-dich.php on line 360

2019-04-11T03:35:41+00:00 CRITICAL Uncaught TypeError: DateTime::__construct() expects parameter 1 to be string, object given in C:\xampp\htdocs\travel\wp-content\themes\travel\template-parts\single\sua-giao-dich.php:360
Stack trace:
#0 C:\xampp\htdocs\travel\wp-content\themes\travel\template-parts\single\sua-giao-dich.php(360): DateTime->__construct(Object(DateTime))
#1 C:\xampp\htdocs\travel\wp-includes\template.php(706): require('C:\\xampp\\htdocs...')
#2 C:\xampp\htdocs\travel\wp-includes\template.php(653): load_template('C:\\xampp\\htdocs...', false)
#3 C:\xampp\htdocs\travel\wp-includes\general-template.php(157): locate_template(Array, true, false)
#4 C:\xampp\htdocs\travel\wp-content\themes\travel\single.php(7): get_template_part('template-parts/...')
#5 C:\xampp\htdocs\travel\wp-includes\template-loader.php(77): include('C:\\xampp\\htdocs...')
#6 C:\xampp\htdocs\travel\wp-blog-header.php(19): require_once('C:\\xampp\\htdocs...')
#7 C:\xampp\htdocs\travel\index.php(17): require('C:\\xampp\\htdocs...')
#8 {main}
  thrown in C:\xampp\htdocs\travel\wp-content\themes\travel\template-parts\single\sua-giao-dich.php on line 360

2019-04-11T03:35:44+00:00 CRITICAL Uncaught TypeError: DateTime::__construct() expects parameter 1 to be string, object given in C:\xampp\htdocs\travel\wp-content\themes\travel\template-parts\single\sua-giao-dich.php:360
Stack trace:
#0 C:\xampp\htdocs\travel\wp-content\themes\travel\template-parts\single\sua-giao-dich.php(360): DateTime->__construct(Object(DateTime))
#1 C:\xampp\htdocs\travel\wp-includes\template.php(706): require('C:\\xampp\\htdocs...')
#2 C:\xampp\htdocs\travel\wp-includes\template.php(653): load_template('C:\\xampp\\htdocs...', false)
#3 C:\xampp\htdocs\travel\wp-includes\general-template.php(157): locate_template(Array, true, false)
#4 C:\xampp\htdocs\travel\wp-content\themes\travel\single.php(7): get_template_part('template-parts/...')
#5 C:\xampp\htdocs\travel\wp-includes\template-loader.php(77): include('C:\\xampp\\htdocs...')
#6 C:\xampp\htdocs\travel\wp-blog-header.php(19): require_once('C:\\xampp\\htdocs...')
#7 C:\xampp\htdocs\travel\index.php(17): require('C:\\xampp\\htdocs...')
#8 {main}
  thrown in C:\xampp\htdocs\travel\wp-content\themes\travel\template-parts\single\sua-giao-dich.php on line 360

2019-04-11T03:36:14+00:00 CRITICAL Uncaught TypeError: DateTime::__construct() expects parameter 1 to be string, object given in C:\xampp\htdocs\travel\wp-content\themes\travel\template-parts\single\sua-giao-dich.php:360
Stack trace:
#0 C:\xampp\htdocs\travel\wp-content\themes\travel\template-parts\single\sua-giao-dich.php(360): DateTime->__construct(Object(DateTime))
#1 C:\xampp\htdocs\travel\wp-includes\template.php(706): require('C:\\xampp\\htdocs...')
#2 C:\xampp\htdocs\travel\wp-includes\template.php(653): load_template('C:\\xampp\\htdocs...', false)
#3 C:\xampp\htdocs\travel\wp-includes\general-template.php(157): locate_template(Array, true, false)
#4 C:\xampp\htdocs\travel\wp-content\themes\travel\single.php(7): get_template_part('template-parts/...')
#5 C:\xampp\htdocs\travel\wp-includes\template-loader.php(77): include('C:\\xampp\\htdocs...')
#6 C:\xampp\htdocs\travel\wp-blog-header.php(19): require_once('C:\\xampp\\htdocs...')
#7 C:\xampp\htdocs\travel\index.php(17): require('C:\\xampp\\htdocs...')
#8 {main}
  thrown in C:\xampp\htdocs\travel\wp-content\themes\travel\template-parts\single\sua-giao-dich.php on line 360

2019-04-11T03:36:15+00:00 CRITICAL Uncaught TypeError: DateTime::__construct() expects parameter 1 to be string, object given in C:\xampp\htdocs\travel\wp-content\themes\travel\template-parts\single\sua-giao-dich.php:360
Stack trace:
#0 C:\xampp\htdocs\travel\wp-content\themes\travel\template-parts\single\sua-giao-dich.php(360): DateTime->__construct(Object(DateTime))
#1 C:\xampp\htdocs\travel\wp-includes\template.php(706): require('C:\\xampp\\htdocs...')
#2 C:\xampp\htdocs\travel\wp-includes\template.php(653): load_template('C:\\xampp\\htdocs...', false)
#3 C:\xampp\htdocs\travel\wp-includes\general-template.php(157): locate_template(Array, true, false)
#4 C:\xampp\htdocs\travel\wp-content\themes\travel\single.php(7): get_template_part('template-parts/...')
#5 C:\xampp\htdocs\travel\wp-includes\template-loader.php(77): include('C:\\xampp\\htdocs...')
#6 C:\xampp\htdocs\travel\wp-blog-header.php(19): require_once('C:\\xampp\\htdocs...')
#7 C:\xampp\htdocs\travel\index.php(17): require('C:\\xampp\\htdocs...')
#8 {main}
  thrown in C:\xampp\htdocs\travel\wp-content\themes\travel\template-parts\single\sua-giao-dich.php on line 360

2019-04-11T03:36:17+00:00 CRITICAL Uncaught TypeError: DateTime::__construct() expects parameter 1 to be string, object given in C:\xampp\htdocs\travel\wp-content\themes\travel\template-parts\single\sua-giao-dich.php:360
Stack trace:
#0 C:\xampp\htdocs\travel\wp-content\themes\travel\template-parts\single\sua-giao-dich.php(360): DateTime->__construct(Object(DateTime))
#1 C:\xampp\htdocs\travel\wp-includes\template.php(706): require('C:\\xampp\\htdocs...')
#2 C:\xampp\htdocs\travel\wp-includes\template.php(653): load_template('C:\\xampp\\htdocs...', false)
#3 C:\xampp\htdocs\travel\wp-includes\general-template.php(157): locate_template(Array, true, false)
#4 C:\xampp\htdocs\travel\wp-content\themes\travel\single.php(7): get_template_part('template-parts/...')
#5 C:\xampp\htdocs\travel\wp-includes\template-loader.php(77): include('C:\\xampp\\htdocs...')
#6 C:\xampp\htdocs\travel\wp-blog-header.php(19): require_once('C:\\xampp\\htdocs...')
#7 C:\xampp\htdocs\travel\index.php(17): require('C:\\xampp\\htdocs...')
#8 {main}
  thrown in C:\xampp\htdocs\travel\wp-content\themes\travel\template-parts\single\sua-giao-dich.php on line 360

2019-04-11T03:36:19+00:00 CRITICAL Uncaught TypeError: DateTime::__construct() expects parameter 1 to be string, object given in C:\xampp\htdocs\travel\wp-content\themes\travel\template-parts\single\sua-giao-dich.php:360
Stack trace:
#0 C:\xampp\htdocs\travel\wp-content\themes\travel\template-parts\single\sua-giao-dich.php(360): DateTime->__construct(Object(DateTime))
#1 C:\xampp\htdocs\travel\wp-includes\template.php(706): require('C:\\xampp\\htdocs...')
#2 C:\xampp\htdocs\travel\wp-includes\template.php(653): load_template('C:\\xampp\\htdocs...', false)
#3 C:\xampp\htdocs\travel\wp-includes\general-template.php(157): locate_template(Array, true, false)
#4 C:\xampp\htdocs\travel\wp-content\themes\travel\single.php(7): get_template_part('template-parts/...')
#5 C:\xampp\htdocs\travel\wp-includes\template-loader.php(77): include('C:\\xampp\\htdocs...')
#6 C:\xampp\htdocs\travel\wp-blog-header.php(19): require_once('C:\\xampp\\htdocs...')
#7 C:\xampp\htdocs\travel\index.php(17): require('C:\\xampp\\htdocs...')
#8 {main}
  thrown in C:\xampp\htdocs\travel\wp-content\themes\travel\template-parts\single\sua-giao-dich.php on line 360

2019-04-11T03:36:25+00:00 CRITICAL Uncaught TypeError: DateTime::__construct() expects parameter 1 to be string, object given in C:\xampp\htdocs\travel\wp-content\themes\travel\template-parts\single\sua-giao-dich.php:360
Stack trace:
#0 C:\xampp\htdocs\travel\wp-content\themes\travel\template-parts\single\sua-giao-dich.php(360): DateTime->__construct(Object(DateTime))
#1 C:\xampp\htdocs\travel\wp-includes\template.php(706): require('C:\\xampp\\htdocs...')
#2 C:\xampp\htdocs\travel\wp-includes\template.php(653): load_template('C:\\xampp\\htdocs...', false)
#3 C:\xampp\htdocs\travel\wp-includes\general-template.php(157): locate_template(Array, true, false)
#4 C:\xampp\htdocs\travel\wp-content\themes\travel\single.php(7): get_template_part('template-parts/...')
#5 C:\xampp\htdocs\travel\wp-includes\template-loader.php(77): include('C:\\xampp\\htdocs...')
#6 C:\xampp\htdocs\travel\wp-blog-header.php(19): require_once('C:\\xampp\\htdocs...')
#7 C:\xampp\htdocs\travel\index.php(17): require('C:\\xampp\\htdocs...')
#8 {main}
  thrown in C:\xampp\htdocs\travel\wp-content\themes\travel\template-parts\single\sua-giao-dich.php on line 360

2019-04-11T03:36:26+00:00 CRITICAL Uncaught TypeError: DateTime::__construct() expects parameter 1 to be string, object given in C:\xampp\htdocs\travel\wp-content\themes\travel\template-parts\single\sua-giao-dich.php:360
Stack trace:
#0 C:\xampp\htdocs\travel\wp-content\themes\travel\template-parts\single\sua-giao-dich.php(360): DateTime->__construct(Object(DateTime))
#1 C:\xampp\htdocs\travel\wp-includes\template.php(706): require('C:\\xampp\\htdocs...')
#2 C:\xampp\htdocs\travel\wp-includes\template.php(653): load_template('C:\\xampp\\htdocs...', false)
#3 C:\xampp\htdocs\travel\wp-includes\general-template.php(157): locate_template(Array, true, false)
#4 C:\xampp\htdocs\travel\wp-content\themes\travel\single.php(7): get_template_part('template-parts/...')
#5 C:\xampp\htdocs\travel\wp-includes\template-loader.php(77): include('C:\\xampp\\htdocs...')
#6 C:\xampp\htdocs\travel\wp-blog-header.php(19): require_once('C:\\xampp\\htdocs...')
#7 C:\xampp\htdocs\travel\index.php(17): require('C:\\xampp\\htdocs...')
#8 {main}
  thrown in C:\xampp\htdocs\travel\wp-content\themes\travel\template-parts\single\sua-giao-dich.php on line 360

2019-04-11T03:36:35+00:00 CRITICAL Uncaught TypeError: DateTime::__construct() expects parameter 1 to be string, object given in C:\xampp\htdocs\travel\wp-content\themes\travel\template-parts\single\sua-giao-dich.php:360
Stack trace:
#0 C:\xampp\htdocs\travel\wp-content\themes\travel\template-parts\single\sua-giao-dich.php(360): DateTime->__construct(Object(DateTime))
#1 C:\xampp\htdocs\travel\wp-includes\template.php(706): require('C:\\xampp\\htdocs...')
#2 C:\xampp\htdocs\travel\wp-includes\template.php(653): load_template('C:\\xampp\\htdocs...', false)
#3 C:\xampp\htdocs\travel\wp-includes\general-template.php(157): locate_template(Array, true, false)
#4 C:\xampp\htdocs\travel\wp-content\themes\travel\single.php(7): get_template_part('template-parts/...')
#5 C:\xampp\htdocs\travel\wp-includes\template-loader.php(77): include('C:\\xampp\\htdocs...')
#6 C:\xampp\htdocs\travel\wp-blog-header.php(19): require_once('C:\\xampp\\htdocs...')
#7 C:\xampp\htdocs\travel\index.php(17): require('C:\\xampp\\htdocs...')
#8 {main}
  thrown in C:\xampp\htdocs\travel\wp-content\themes\travel\template-parts\single\sua-giao-dich.php on line 360

2019-04-11T03:36:55+00:00 CRITICAL Uncaught TypeError: DateTime::__construct() expects parameter 1 to be string, object given in C:\xampp\htdocs\travel\wp-content\themes\travel\template-parts\single\sua-giao-dich.php:360
Stack trace:
#0 C:\xampp\htdocs\travel\wp-content\themes\travel\template-parts\single\sua-giao-dich.php(360): DateTime->__construct(Object(DateTime))
#1 C:\xampp\htdocs\travel\wp-includes\template.php(706): require('C:\\xampp\\htdocs...')
#2 C:\xampp\htdocs\travel\wp-includes\template.php(653): load_template('C:\\xampp\\htdocs...', false)
#3 C:\xampp\htdocs\travel\wp-includes\general-template.php(157): locate_template(Array, true, false)
#4 C:\xampp\htdocs\travel\wp-content\themes\travel\single.php(7): get_template_part('template-parts/...')
#5 C:\xampp\htdocs\travel\wp-includes\template-loader.php(77): include('C:\\xampp\\htdocs...')
#6 C:\xampp\htdocs\travel\wp-blog-header.php(19): require_once('C:\\xampp\\htdocs...')
#7 C:\xampp\htdocs\travel\index.php(17): require('C:\\xampp\\htdocs...')
#8 {main}
  thrown in C:\xampp\htdocs\travel\wp-content\themes\travel\template-parts\single\sua-giao-dich.php on line 360

2019-04-11T03:36:57+00:00 CRITICAL Uncaught TypeError: DateTime::__construct() expects parameter 1 to be string, object given in C:\xampp\htdocs\travel\wp-content\themes\travel\template-parts\single\sua-giao-dich.php:360
Stack trace:
#0 C:\xampp\htdocs\travel\wp-content\themes\travel\template-parts\single\sua-giao-dich.php(360): DateTime->__construct(Object(DateTime))
#1 C:\xampp\htdocs\travel\wp-includes\template.php(706): require('C:\\xampp\\htdocs...')
#2 C:\xampp\htdocs\travel\wp-includes\template.php(653): load_template('C:\\xampp\\htdocs...', false)
#3 C:\xampp\htdocs\travel\wp-includes\general-template.php(157): locate_template(Array, true, false)
#4 C:\xampp\htdocs\travel\wp-content\themes\travel\single.php(7): get_template_part('template-parts/...')
#5 C:\xampp\htdocs\travel\wp-includes\template-loader.php(77): include('C:\\xampp\\htdocs...')
#6 C:\xampp\htdocs\travel\wp-blog-header.php(19): require_once('C:\\xampp\\htdocs...')
#7 C:\xampp\htdocs\travel\index.php(17): require('C:\\xampp\\htdocs...')
#8 {main}
  thrown in C:\xampp\htdocs\travel\wp-content\themes\travel\template-parts\single\sua-giao-dich.php on line 360

2019-04-11T03:37:47+00:00 CRITICAL Uncaught TypeError: DateTime::__construct() expects parameter 1 to be string, object given in C:\xampp\htdocs\travel\wp-content\themes\travel\template-parts\single\sua-giao-dich.php:360
Stack trace:
#0 C:\xampp\htdocs\travel\wp-content\themes\travel\template-parts\single\sua-giao-dich.php(360): DateTime->__construct(Object(DateTime))
#1 C:\xampp\htdocs\travel\wp-includes\template.php(706): require('C:\\xampp\\htdocs...')
#2 C:\xampp\htdocs\travel\wp-includes\template.php(653): load_template('C:\\xampp\\htdocs...', false)
#3 C:\xampp\htdocs\travel\wp-includes\general-template.php(157): locate_template(Array, true, false)
#4 C:\xampp\htdocs\travel\wp-content\themes\travel\single.php(7): get_template_part('template-parts/...')
#5 C:\xampp\htdocs\travel\wp-includes\template-loader.php(77): include('C:\\xampp\\htdocs...')
#6 C:\xampp\htdocs\travel\wp-blog-header.php(19): require_once('C:\\xampp\\htdocs...')
#7 C:\xampp\htdocs\travel\index.php(17): require('C:\\xampp\\htdocs...')
#8 {main}
  thrown in C:\xampp\htdocs\travel\wp-content\themes\travel\template-parts\single\sua-giao-dich.php on line 360

2019-04-11T03:38:32+00:00 CRITICAL Uncaught TypeError: DateTime::__construct() expects parameter 1 to be string, object given in C:\xampp\htdocs\travel\wp-content\themes\travel\template-parts\single\sua-giao-dich.php:360
Stack trace:
#0 C:\xampp\htdocs\travel\wp-content\themes\travel\template-parts\single\sua-giao-dich.php(360): DateTime->__construct(Object(DateTime))
#1 C:\xampp\htdocs\travel\wp-includes\template.php(706): require('C:\\xampp\\htdocs...')
#2 C:\xampp\htdocs\travel\wp-includes\template.php(653): load_template('C:\\xampp\\htdocs...', false)
#3 C:\xampp\htdocs\travel\wp-includes\general-template.php(157): locate_template(Array, true, false)
#4 C:\xampp\htdocs\travel\wp-content\themes\travel\single.php(7): get_template_part('template-parts/...')
#5 C:\xampp\htdocs\travel\wp-includes\template-loader.php(77): include('C:\\xampp\\htdocs...')
#6 C:\xampp\htdocs\travel\wp-blog-header.php(19): require_once('C:\\xampp\\htdocs...')
#7 C:\xampp\htdocs\travel\index.php(17): require('C:\\xampp\\htdocs...')
#8 {main}
  thrown in C:\xampp\htdocs\travel\wp-content\themes\travel\template-parts\single\sua-giao-dich.php on line 360

2019-04-11T03:38:56+00:00 CRITICAL Uncaught TypeError: DateTime::__construct() expects parameter 1 to be string, object given in C:\xampp\htdocs\travel\wp-content\themes\travel\template-parts\single\sua-giao-dich.php:360
Stack trace:
#0 C:\xampp\htdocs\travel\wp-content\themes\travel\template-parts\single\sua-giao-dich.php(360): DateTime->__construct(Object(DateTime))
#1 C:\xampp\htdocs\travel\wp-includes\template.php(706): require('C:\\xampp\\htdocs...')
#2 C:\xampp\htdocs\travel\wp-includes\template.php(653): load_template('C:\\xampp\\htdocs...', false)
#3 C:\xampp\htdocs\travel\wp-includes\general-template.php(157): locate_template(Array, true, false)
#4 C:\xampp\htdocs\travel\wp-content\themes\travel\single.php(7): get_template_part('template-parts/...')
#5 C:\xampp\htdocs\travel\wp-includes\template-loader.php(77): include('C:\\xampp\\htdocs...')
#6 C:\xampp\htdocs\travel\wp-blog-header.php(19): require_once('C:\\xampp\\htdocs...')
#7 C:\xampp\htdocs\travel\index.php(17): require('C:\\xampp\\htdocs...')
#8 {main}
  thrown in C:\xampp\htdocs\travel\wp-content\themes\travel\template-parts\single\sua-giao-dich.php on line 360

2019-04-11T03:39:05+00:00 CRITICAL Uncaught TypeError: DateTime::__construct() expects parameter 1 to be string, object given in C:\xampp\htdocs\travel\wp-content\themes\travel\template-parts\single\sua-giao-dich.php:360
Stack trace:
#0 C:\xampp\htdocs\travel\wp-content\themes\travel\template-parts\single\sua-giao-dich.php(360): DateTime->__construct(Object(DateTime))
#1 C:\xampp\htdocs\travel\wp-includes\template.php(706): require('C:\\xampp\\htdocs...')
#2 C:\xampp\htdocs\travel\wp-includes\template.php(653): load_template('C:\\xampp\\htdocs...', false)
#3 C:\xampp\htdocs\travel\wp-includes\general-template.php(157): locate_template(Array, true, false)
#4 C:\xampp\htdocs\travel\wp-content\themes\travel\single.php(7): get_template_part('template-parts/...')
#5 C:\xampp\htdocs\travel\wp-includes\template-loader.php(77): include('C:\\xampp\\htdocs...')
#6 C:\xampp\htdocs\travel\wp-blog-header.php(19): require_once('C:\\xampp\\htdocs...')
#7 C:\xampp\htdocs\travel\index.php(17): require('C:\\xampp\\htdocs...')
#8 {main}
  thrown in C:\xampp\htdocs\travel\wp-content\themes\travel\template-parts\single\sua-giao-dich.php on line 360

2019-04-11T03:39:08+00:00 CRITICAL Uncaught TypeError: DateTime::__construct() expects parameter 1 to be string, object given in C:\xampp\htdocs\travel\wp-content\themes\travel\template-parts\single\sua-giao-dich.php:360
Stack trace:
#0 C:\xampp\htdocs\travel\wp-content\themes\travel\template-parts\single\sua-giao-dich.php(360): DateTime->__construct(Object(DateTime))
#1 C:\xampp\htdocs\travel\wp-includes\template.php(706): require('C:\\xampp\\htdocs...')
#2 C:\xampp\htdocs\travel\wp-includes\template.php(653): load_template('C:\\xampp\\htdocs...', false)
#3 C:\xampp\htdocs\travel\wp-includes\general-template.php(157): locate_template(Array, true, false)
#4 C:\xampp\htdocs\travel\wp-content\themes\travel\single.php(7): get_template_part('template-parts/...')
#5 C:\xampp\htdocs\travel\wp-includes\template-loader.php(77): include('C:\\xampp\\htdocs...')
#6 C:\xampp\htdocs\travel\wp-blog-header.php(19): require_once('C:\\xampp\\htdocs...')
#7 C:\xampp\htdocs\travel\index.php(17): require('C:\\xampp\\htdocs...')
#8 {main}
  thrown in C:\xampp\htdocs\travel\wp-content\themes\travel\template-parts\single\sua-giao-dich.php on line 360

2019-04-11T03:39:44+00:00 CRITICAL Uncaught TypeError: DateTime::__construct() expects parameter 1 to be string, object given in C:\xampp\htdocs\travel\wp-content\themes\travel\template-parts\single\sua-giao-dich.php:360
Stack trace:
#0 C:\xampp\htdocs\travel\wp-content\themes\travel\template-parts\single\sua-giao-dich.php(360): DateTime->__construct(Object(DateTime))
#1 C:\xampp\htdocs\travel\wp-includes\template.php(706): require('C:\\xampp\\htdocs...')
#2 C:\xampp\htdocs\travel\wp-includes\template.php(653): load_template('C:\\xampp\\htdocs...', false)
#3 C:\xampp\htdocs\travel\wp-includes\general-template.php(157): locate_template(Array, true, false)
#4 C:\xampp\htdocs\travel\wp-content\themes\travel\single.php(7): get_template_part('template-parts/...')
#5 C:\xampp\htdocs\travel\wp-includes\template-loader.php(77): include('C:\\xampp\\htdocs...')
#6 C:\xampp\htdocs\travel\wp-blog-header.php(19): require_once('C:\\xampp\\htdocs...')
#7 C:\xampp\htdocs\travel\index.php(17): require('C:\\xampp\\htdocs...')
#8 {main}
  thrown in C:\xampp\htdocs\travel\wp-content\themes\travel\template-parts\single\sua-giao-dich.php on line 360

2019-04-11T03:39:45+00:00 CRITICAL Uncaught TypeError: DateTime::__construct() expects parameter 1 to be string, object given in C:\xampp\htdocs\travel\wp-content\themes\travel\template-parts\single\sua-giao-dich.php:360
Stack trace:
#0 C:\xampp\htdocs\travel\wp-content\themes\travel\template-parts\single\sua-giao-dich.php(360): DateTime->__construct(Object(DateTime))
#1 C:\xampp\htdocs\travel\wp-includes\template.php(706): require('C:\\xampp\\htdocs...')
#2 C:\xampp\htdocs\travel\wp-includes\template.php(653): load_template('C:\\xampp\\htdocs...', false)
#3 C:\xampp\htdocs\travel\wp-includes\general-template.php(157): locate_template(Array, true, false)
#4 C:\xampp\htdocs\travel\wp-content\themes\travel\single.php(7): get_template_part('template-parts/...')
#5 C:\xampp\htdocs\travel\wp-includes\template-loader.php(77): include('C:\\xampp\\htdocs...')
#6 C:\xampp\htdocs\travel\wp-blog-header.php(19): require_once('C:\\xampp\\htdocs...')
#7 C:\xampp\htdocs\travel\index.php(17): require('C:\\xampp\\htdocs...')
#8 {main}
  thrown in C:\xampp\htdocs\travel\wp-content\themes\travel\template-parts\single\sua-giao-dich.php on line 360

2019-04-11T03:39:48+00:00 CRITICAL Uncaught TypeError: DateTime::__construct() expects parameter 1 to be string, object given in C:\xampp\htdocs\travel\wp-content\themes\travel\template-parts\single\sua-giao-dich.php:360
Stack trace:
#0 C:\xampp\htdocs\travel\wp-content\themes\travel\template-parts\single\sua-giao-dich.php(360): DateTime->__construct(Object(DateTime))
#1 C:\xampp\htdocs\travel\wp-includes\template.php(706): require('C:\\xampp\\htdocs...')
#2 C:\xampp\htdocs\travel\wp-includes\template.php(653): load_template('C:\\xampp\\htdocs...', false)
#3 C:\xampp\htdocs\travel\wp-includes\general-template.php(157): locate_template(Array, true, false)
#4 C:\xampp\htdocs\travel\wp-content\themes\travel\single.php(7): get_template_part('template-parts/...')
#5 C:\xampp\htdocs\travel\wp-includes\template-loader.php(77): include('C:\\xampp\\htdocs...')
#6 C:\xampp\htdocs\travel\wp-blog-header.php(19): require_once('C:\\xampp\\htdocs...')
#7 C:\xampp\htdocs\travel\index.php(17): require('C:\\xampp\\htdocs...')
#8 {main}
  thrown in C:\xampp\htdocs\travel\wp-content\themes\travel\template-parts\single\sua-giao-dich.php on line 360

2019-04-11T03:39:50+00:00 CRITICAL Uncaught TypeError: DateTime::__construct() expects parameter 1 to be string, object given in C:\xampp\htdocs\travel\wp-content\themes\travel\template-parts\single\sua-giao-dich.php:360
Stack trace:
#0 C:\xampp\htdocs\travel\wp-content\themes\travel\template-parts\single\sua-giao-dich.php(360): DateTime->__construct(Object(DateTime))
#1 C:\xampp\htdocs\travel\wp-includes\template.php(706): require('C:\\xampp\\htdocs...')
#2 C:\xampp\htdocs\travel\wp-includes\template.php(653): load_template('C:\\xampp\\htdocs...', false)
#3 C:\xampp\htdocs\travel\wp-includes\general-template.php(157): locate_template(Array, true, false)
#4 C:\xampp\htdocs\travel\wp-content\themes\travel\single.php(7): get_template_part('template-parts/...')
#5 C:\xampp\htdocs\travel\wp-includes\template-loader.php(77): include('C:\\xampp\\htdocs...')
#6 C:\xampp\htdocs\travel\wp-blog-header.php(19): require_once('C:\\xampp\\htdocs...')
#7 C:\xampp\htdocs\travel\index.php(17): require('C:\\xampp\\htdocs...')
#8 {main}
  thrown in C:\xampp\htdocs\travel\wp-content\themes\travel\template-parts\single\sua-giao-dich.php on line 360

2019-04-11T03:39:51+00:00 CRITICAL Uncaught TypeError: DateTime::__construct() expects parameter 1 to be string, object given in C:\xampp\htdocs\travel\wp-content\themes\travel\template-parts\single\sua-giao-dich.php:360
Stack trace:
#0 C:\xampp\htdocs\travel\wp-content\themes\travel\template-parts\single\sua-giao-dich.php(360): DateTime->__construct(Object(DateTime))
#1 C:\xampp\htdocs\travel\wp-includes\template.php(706): require('C:\\xampp\\htdocs...')
#2 C:\xampp\htdocs\travel\wp-includes\template.php(653): load_template('C:\\xampp\\htdocs...', false)
#3 C:\xampp\htdocs\travel\wp-includes\general-template.php(157): locate_template(Array, true, false)
#4 C:\xampp\htdocs\travel\wp-content\themes\travel\single.php(7): get_template_part('template-parts/...')
#5 C:\xampp\htdocs\travel\wp-includes\template-loader.php(77): include('C:\\xampp\\htdocs...')
#6 C:\xampp\htdocs\travel\wp-blog-header.php(19): require_once('C:\\xampp\\htdocs...')
#7 C:\xampp\htdocs\travel\index.php(17): require('C:\\xampp\\htdocs...')
#8 {main}
  thrown in C:\xampp\htdocs\travel\wp-content\themes\travel\template-parts\single\sua-giao-dich.php on line 360

2019-04-11T03:39:53+00:00 CRITICAL Uncaught TypeError: DateTime::__construct() expects parameter 1 to be string, object given in C:\xampp\htdocs\travel\wp-content\themes\travel\template-parts\single\sua-giao-dich.php:360
Stack trace:
#0 C:\xampp\htdocs\travel\wp-content\themes\travel\template-parts\single\sua-giao-dich.php(360): DateTime->__construct(Object(DateTime))
#1 C:\xampp\htdocs\travel\wp-includes\template.php(706): require('C:\\xampp\\htdocs...')
#2 C:\xampp\htdocs\travel\wp-includes\template.php(653): load_template('C:\\xampp\\htdocs...', false)
#3 C:\xampp\htdocs\travel\wp-includes\general-template.php(157): locate_template(Array, true, false)
#4 C:\xampp\htdocs\travel\wp-content\themes\travel\single.php(7): get_template_part('template-parts/...')
#5 C:\xampp\htdocs\travel\wp-includes\template-loader.php(77): include('C:\\xampp\\htdocs...')
#6 C:\xampp\htdocs\travel\wp-blog-header.php(19): require_once('C:\\xampp\\htdocs...')
#7 C:\xampp\htdocs\travel\index.php(17): require('C:\\xampp\\htdocs...')
#8 {main}
  thrown in C:\xampp\htdocs\travel\wp-content\themes\travel\template-parts\single\sua-giao-dich.php on line 360

2019-04-11T03:39:53+00:00 CRITICAL Uncaught TypeError: DateTime::__construct() expects parameter 1 to be string, object given in C:\xampp\htdocs\travel\wp-content\themes\travel\template-parts\single\sua-giao-dich.php:360
Stack trace:
#0 C:\xampp\htdocs\travel\wp-content\themes\travel\template-parts\single\sua-giao-dich.php(360): DateTime->__construct(Object(DateTime))
#1 C:\xampp\htdocs\travel\wp-includes\template.php(706): require('C:\\xampp\\htdocs...')
#2 C:\xampp\htdocs\travel\wp-includes\template.php(653): load_template('C:\\xampp\\htdocs...', false)
#3 C:\xampp\htdocs\travel\wp-includes\general-template.php(157): locate_template(Array, true, false)
#4 C:\xampp\htdocs\travel\wp-content\themes\travel\single.php(7): get_template_part('template-parts/...')
#5 C:\xampp\htdocs\travel\wp-includes\template-loader.php(77): include('C:\\xampp\\htdocs...')
#6 C:\xampp\htdocs\travel\wp-blog-header.php(19): require_once('C:\\xampp\\htdocs...')
#7 C:\xampp\htdocs\travel\index.php(17): require('C:\\xampp\\htdocs...')
#8 {main}
  thrown in C:\xampp\htdocs\travel\wp-content\themes\travel\template-parts\single\sua-giao-dich.php on line 360

2019-04-11T03:39:54+00:00 CRITICAL Uncaught TypeError: DateTime::__construct() expects parameter 1 to be string, object given in C:\xampp\htdocs\travel\wp-content\themes\travel\template-parts\single\sua-giao-dich.php:360
Stack trace:
#0 C:\xampp\htdocs\travel\wp-content\themes\travel\template-parts\single\sua-giao-dich.php(360): DateTime->__construct(Object(DateTime))
#1 C:\xampp\htdocs\travel\wp-includes\template.php(706): require('C:\\xampp\\htdocs...')
#2 C:\xampp\htdocs\travel\wp-includes\template.php(653): load_template('C:\\xampp\\htdocs...', false)
#3 C:\xampp\htdocs\travel\wp-includes\general-template.php(157): locate_template(Array, true, false)
#4 C:\xampp\htdocs\travel\wp-content\themes\travel\single.php(7): get_template_part('template-parts/...')
#5 C:\xampp\htdocs\travel\wp-includes\template-loader.php(77): include('C:\\xampp\\htdocs...')
#6 C:\xampp\htdocs\travel\wp-blog-header.php(19): require_once('C:\\xampp\\htdocs...')
#7 C:\xampp\htdocs\travel\index.php(17): require('C:\\xampp\\htdocs...')
#8 {main}
  thrown in C:\xampp\htdocs\travel\wp-content\themes\travel\template-parts\single\sua-giao-dich.php on line 360

2019-04-11T03:40:56+00:00 CRITICAL Uncaught TypeError: DateTime::__construct() expects parameter 1 to be string, object given in C:\xampp\htdocs\travel\wp-content\themes\travel\template-parts\single\sua-giao-dich.php:360
Stack trace:
#0 C:\xampp\htdocs\travel\wp-content\themes\travel\template-parts\single\sua-giao-dich.php(360): DateTime->__construct(Object(DateTime))
#1 C:\xampp\htdocs\travel\wp-includes\template.php(706): require('C:\\xampp\\htdocs...')
#2 C:\xampp\htdocs\travel\wp-includes\template.php(653): load_template('C:\\xampp\\htdocs...', false)
#3 C:\xampp\htdocs\travel\wp-includes\general-template.php(157): locate_template(Array, true, false)
#4 C:\xampp\htdocs\travel\wp-content\themes\travel\single.php(7): get_template_part('template-parts/...')
#5 C:\xampp\htdocs\travel\wp-includes\template-loader.php(77): include('C:\\xampp\\htdocs...')
#6 C:\xampp\htdocs\travel\wp-blog-header.php(19): require_once('C:\\xampp\\htdocs...')
#7 C:\xampp\htdocs\travel\index.php(17): require('C:\\xampp\\htdocs...')
#8 {main}
  thrown in C:\xampp\htdocs\travel\wp-content\themes\travel\template-parts\single\sua-giao-dich.php on line 360

2019-04-11T03:40:57+00:00 CRITICAL Uncaught TypeError: DateTime::__construct() expects parameter 1 to be string, object given in C:\xampp\htdocs\travel\wp-content\themes\travel\template-parts\single\sua-giao-dich.php:360
Stack trace:
#0 C:\xampp\htdocs\travel\wp-content\themes\travel\template-parts\single\sua-giao-dich.php(360): DateTime->__construct(Object(DateTime))
#1 C:\xampp\htdocs\travel\wp-includes\template.php(706): require('C:\\xampp\\htdocs...')
#2 C:\xampp\htdocs\travel\wp-includes\template.php(653): load_template('C:\\xampp\\htdocs...', false)
#3 C:\xampp\htdocs\travel\wp-includes\general-template.php(157): locate_template(Array, true, false)
#4 C:\xampp\htdocs\travel\wp-content\themes\travel\single.php(7): get_template_part('template-parts/...')
#5 C:\xampp\htdocs\travel\wp-includes\template-loader.php(77): include('C:\\xampp\\htdocs...')
#6 C:\xampp\htdocs\travel\wp-blog-header.php(19): require_once('C:\\xampp\\htdocs...')
#7 C:\xampp\htdocs\travel\index.php(17): require('C:\\xampp\\htdocs...')
#8 {main}
  thrown in C:\xampp\htdocs\travel\wp-content\themes\travel\template-parts\single\sua-giao-dich.php on line 360

2019-04-11T03:41:13+00:00 CRITICAL Uncaught TypeError: DateTime::__construct() expects parameter 1 to be string, object given in C:\xampp\htdocs\travel\wp-content\themes\travel\template-parts\single\sua-giao-dich.php:360
Stack trace:
#0 C:\xampp\htdocs\travel\wp-content\themes\travel\template-parts\single\sua-giao-dich.php(360): DateTime->__construct(Object(DateTime))
#1 C:\xampp\htdocs\travel\wp-includes\template.php(706): require('C:\\xampp\\htdocs...')
#2 C:\xampp\htdocs\travel\wp-includes\template.php(653): load_template('C:\\xampp\\htdocs...', false)
#3 C:\xampp\htdocs\travel\wp-includes\general-template.php(157): locate_template(Array, true, false)
#4 C:\xampp\htdocs\travel\wp-content\themes\travel\single.php(7): get_template_part('template-parts/...')
#5 C:\xampp\htdocs\travel\wp-includes\template-loader.php(77): include('C:\\xampp\\htdocs...')
#6 C:\xampp\htdocs\travel\wp-blog-header.php(19): require_once('C:\\xampp\\htdocs...')
#7 C:\xampp\htdocs\travel\index.php(17): require('C:\\xampp\\htdocs...')
#8 {main}
  thrown in C:\xampp\htdocs\travel\wp-content\themes\travel\template-parts\single\sua-giao-dich.php on line 360

2019-04-11T03:41:30+00:00 CRITICAL Uncaught TypeError: DateTime::__construct() expects parameter 1 to be string, object given in C:\xampp\htdocs\travel\wp-content\themes\travel\template-parts\single\sua-giao-dich.php:360
Stack trace:
#0 C:\xampp\htdocs\travel\wp-content\themes\travel\template-parts\single\sua-giao-dich.php(360): DateTime->__construct(Object(DateTime))
#1 C:\xampp\htdocs\travel\wp-includes\template.php(706): require('C:\\xampp\\htdocs...')
#2 C:\xampp\htdocs\travel\wp-includes\template.php(653): load_template('C:\\xampp\\htdocs...', false)
#3 C:\xampp\htdocs\travel\wp-includes\general-template.php(157): locate_template(Array, true, false)
#4 C:\xampp\htdocs\travel\wp-content\themes\travel\single.php(7): get_template_part('template-parts/...')
#5 C:\xampp\htdocs\travel\wp-includes\template-loader.php(77): include('C:\\xampp\\htdocs...')
#6 C:\xampp\htdocs\travel\wp-blog-header.php(19): require_once('C:\\xampp\\htdocs...')
#7 C:\xampp\htdocs\travel\index.php(17): require('C:\\xampp\\htdocs...')
#8 {main}
  thrown in C:\xampp\htdocs\travel\wp-content\themes\travel\template-parts\single\sua-giao-dich.php on line 360

2019-04-11T04:07:29+00:00 CRITICAL syntax error, unexpected ';', expecting ')' in C:\xampp\htdocs\travel\wp-content\themes\travel\template-parts\single\sua-giao-dich.php on line 86

2019-04-11T04:09:16+00:00 CRITICAL Uncaught TypeError: DateTime::__construct() expects parameter 1 to be string, object given in C:\xampp\htdocs\travel\wp-content\themes\travel\template-parts\single\sua-giao-dich.php:360
Stack trace:
#0 C:\xampp\htdocs\travel\wp-content\themes\travel\template-parts\single\sua-giao-dich.php(360): DateTime->__construct(Object(DateTime))
#1 C:\xampp\htdocs\travel\wp-includes\template.php(706): require('C:\\xampp\\htdocs...')
#2 C:\xampp\htdocs\travel\wp-includes\template.php(653): load_template('C:\\xampp\\htdocs...', false)
#3 C:\xampp\htdocs\travel\wp-includes\general-template.php(157): locate_template(Array, true, false)
#4 C:\xampp\htdocs\travel\wp-content\themes\travel\single.php(7): get_template_part('template-parts/...')
#5 C:\xampp\htdocs\travel\wp-includes\template-loader.php(77): include('C:\\xampp\\htdocs...')
#6 C:\xampp\htdocs\travel\wp-blog-header.php(19): require_once('C:\\xampp\\htdocs...')
#7 C:\xampp\htdocs\travel\index.php(17): require('C:\\xampp\\htdocs...')
#8 {main}
  thrown in C:\xampp\htdocs\travel\wp-content\themes\travel\template-parts\single\sua-giao-dich.php on line 360

2019-04-11T04:09:44+00:00 CRITICAL Uncaught TypeError: DateTime::__construct() expects parameter 1 to be string, object given in C:\xampp\htdocs\travel\wp-content\themes\travel\template-parts\single\sua-giao-dich.php:360
Stack trace:
#0 C:\xampp\htdocs\travel\wp-content\themes\travel\template-parts\single\sua-giao-dich.php(360): DateTime->__construct(Object(DateTime))
#1 C:\xampp\htdocs\travel\wp-includes\template.php(706): require('C:\\xampp\\htdocs...')
#2 C:\xampp\htdocs\travel\wp-includes\template.php(653): load_template('C:\\xampp\\htdocs...', false)
#3 C:\xampp\htdocs\travel\wp-includes\general-template.php(157): locate_template(Array, true, false)
#4 C:\xampp\htdocs\travel\wp-content\themes\travel\single.php(7): get_template_part('template-parts/...')
#5 C:\xampp\htdocs\travel\wp-includes\template-loader.php(77): include('C:\\xampp\\htdocs...')
#6 C:\xampp\htdocs\travel\wp-blog-header.php(19): require_once('C:\\xampp\\htdocs...')
#7 C:\xampp\htdocs\travel\index.php(17): require('C:\\xampp\\htdocs...')
#8 {main}
  thrown in C:\xampp\htdocs\travel\wp-content\themes\travel\template-parts\single\sua-giao-dich.php on line 360

2019-04-11T04:10:13+00:00 CRITICAL Uncaught TypeError: DateTime::__construct() expects parameter 1 to be string, object given in C:\xampp\htdocs\travel\wp-content\themes\travel\template-parts\single\sua-giao-dich.php:360
Stack trace:
#0 C:\xampp\htdocs\travel\wp-content\themes\travel\template-parts\single\sua-giao-dich.php(360): DateTime->__construct(Object(DateTime))
#1 C:\xampp\htdocs\travel\wp-includes\template.php(706): require('C:\\xampp\\htdocs...')
#2 C:\xampp\htdocs\travel\wp-includes\template.php(653): load_template('C:\\xampp\\htdocs...', false)
#3 C:\xampp\htdocs\travel\wp-includes\general-template.php(157): locate_template(Array, true, false)
#4 C:\xampp\htdocs\travel\wp-content\themes\travel\single.php(7): get_template_part('template-parts/...')
#5 C:\xampp\htdocs\travel\wp-includes\template-loader.php(77): include('C:\\xampp\\htdocs...')
#6 C:\xampp\htdocs\travel\wp-blog-header.php(19): require_once('C:\\xampp\\htdocs...')
#7 C:\xampp\htdocs\travel\index.php(17): require('C:\\xampp\\htdocs...')
#8 {main}
  thrown in C:\xampp\htdocs\travel\wp-content\themes\travel\template-parts\single\sua-giao-dich.php on line 360

